User 1103762316 started the bot.
User 1103762316: ¬водит название книги.
User 1103762316: »щиет книгу.
 THE SHINING by Stephen King
User 1103762316: ¬водит им€ автора.
User 1103762316: »щет информацию об авторе.
  ниги автора stephen king в списке бестселлеров:
11/22/63
A FACE IN THE CROWD
A GOOD MARRIAGE
AMERICAN VAMPIRE, VOL. 1
AMERICAN VAMPIRE, VOL. 1
Bag of Bones
BILLY SUMMERS
BLOCKADE BILLY
CELL
Christine (Signet)
Danse Macabre
Different Seasons (Signet)
DOCTOR SLEEP
Dolores Claiborne
Dreamcatcher
DUMA KEY
ELEVATION
END OF WATCH
Everything's Eventual: 14 Dark Tales
FAIRY TALE

User 1103762316 requested help.
